{
  "RSpec": {
    "coverage": {
      "/Users/edwardgoold/Projects/MAcourse/week_9/tic_tac_toe/spec/units/game_logic_spec.rb": [
        1,
        1,
        null,
        1,
        null,
        null,
        1,
        null,
        1,
        1,
        null,
        null,
        null,
        null,
        1,
        1,
        null,
        null,
        null,
        null,
        1,
        1,
        null,
        null,
        null,
        null
      ],
      "/Users/edwardgoold/Projects/MAcourse/week_9/tic_tac_toe/lib/game_logic.rb": [
        null,
        1,
        null,
        null,
        null,
        null
      ],
      "/Users/edwardgoold/Projects/MAcourse/week_9/tic_tac_toe/spec/units/grid_spec.rb": [
        1,
        1,
        null,
        1,
        4,
        null,
        1,
        1,
        1,
        null,
        null,
        1,
        1,
        1,
        null,
        null,
        1,
        2,
        null,
        null,
        1,
        1,
        null,
        null,
        1,
        1,
        null,
        null,
        null
      ],
      "/Users/edwardgoold/Projects/MAcourse/week_9/tic_tac_toe/spec/units/turn_spec.rb": [
        1,
        1,
        null,
        1,
        3,
        2,
        3,
        null,
        1,
        1,
        1,
        null,
        null,
        null,
        1,
        1,
        1,
        null,
        null,
        null
      ],
      "/Users/edwardgoold/Projects/MAcourse/week_9/tic_tac_toe/lib/turn.rb": [
        null,
        1,
        null,
        1,
        null,
        1,
        2,
        null,
        null,
        1,
        1,
        null,
        null
      ]
    },
    "timestamp": 1519927853
  }
}
